2023-11-23 17:30:33,865 INFO views Ky
2023-11-23 17:31:30,235 INFO views Ky
2023-11-23 17:31:31,036 INFO views Ky
2023-11-23 17:32:10,241 INFO views Ky
2023-11-23 17:32:10,241 WARNING views geowlok
2023-11-23 20:33:46,714 INFO views Регистрация пользователя
2023-11-23 20:33:46,714 INFO views Сериализация данных прошла успешно
2023-11-23 20:33:46,720 INFO views Сериализированные данные успешно провалидированы
2023-11-23 20:33:46,834 INFO views Сохранение сериализированных данных
2023-11-23 20:33:46,834 INFO audit Создание аудита
2023-11-23 20:33:46,839 INFO audit Создание сообщения
2023-11-23 20:33:46,839 ERROR audit Аудит не создан Cannot assign "<django.contrib.auth.models.AnonymousUser object at 0x7f88d02a3940>": "LogEntry.user" must be a "User" instance.
2023-11-23 20:33:46,839 INFO views Регистрация прошла успешно
2023-11-23 20:38:56,490 INFO views Изменение пароля
2023-11-23 20:38:56,490 INFO audit Создание аудита
2023-11-23 20:38:56,493 INFO views Сериализация данных прошла успешно
2023-11-23 20:38:56,493 INFO views Сериализированные данные успешно провалидированы
2023-11-23 20:38:56,603 INFO views Установка захэшированного пароля
2023-11-23 20:38:56,610 INFO views Сохронение захэшированного пароля
2023-11-23 20:38:56,610 INFO views Успешное изменение пароля
2023-11-23 20:38:56,612 INFO audit Данные для сообщения собраны успешно
2023-11-23 20:38:56,612 INFO audit Создание сообщения
2023-11-23 20:38:56,612 INFO audit Сообщение составленно успешно
2023-11-23 20:38:56,612 INFO audit Создание сообщения
2023-11-23 20:38:56,613 INFO audit Создание аудита прошло успешно
{"message": "Connected to DB"}
{"message": "Connected to DB"}
{"message": "Connected to DB", "timestamp": "2023-11-23T22:06:47.971621Z", "level": "INFO"}
{"message": "Connected to DB", "timestamp": "2023-11-24T15:49:42.308433Z", "level": "INFO"}
{"message": "Connected to DB", "timestamp": "2023-11-24T15:50:11.921197Z", "level": "INFO"}
{"message": "Connected to DB", "timestamp": "2023-11-24T15:50:48.214078Z", "level": "INFO"}
{"message": "Connected to DB", "timestamp": "2023-11-24T15:56:33.133431Z", "level": "INFO"}
{"message": "Connected to DB", "timestamp": "2023-11-24T16:07:56.156385Z", "level": "INFO"}
{"message": "Connected to DB", "user": "AnonymousUser", "timestamp": "2023-11-26T12:06:51.864335Z", "level": "INFO"}
{"message": "Connected to DB", "timestamp": "2023-11-26T12:11:30.422759Z", "level": "INFO", "user": null}
{"message": "\u0420\u0435\u0433\u0438\u0441\u0442\u0440\u0430\u0446\u0438\u044f \u043f\u043e\u043b\u044c\u0437\u043e\u0432\u0430\u0442\u0435\u043b\u044f", "user": "AnonymousUser", "timestamp": "2023-12-02T15:27:04.503789Z", "level": "INFO"}
{"message": "\u0421\u0435\u0440\u0438\u0430\u043b\u0438\u0437\u0430\u0446\u0438\u044f \u0434\u0430\u043d\u043d\u044b\u0445 \u043f\u0440\u043e\u0448\u043b\u0430 \u0443\u0441\u043f\u0435\u0448\u043d\u043e", "user": "AnonymousUser", "timestamp": "2023-12-02T15:27:04.504217Z", "level": "INFO"}
{"message": "\u0421\u0435\u0440\u0438\u0430\u043b\u0438\u0437\u0438\u0440\u043e\u0432\u0430\u043d\u043d\u044b\u0435 \u0434\u0430\u043d\u043d\u044b\u0435 \u0443\u0441\u043f\u0435\u0448\u043d\u043e \u043f\u0440\u043e\u0432\u0430\u043b\u0438\u0434\u0438\u0440\u043e\u0432\u0430\u043d\u044b", "user": "AnonymousUser", "timestamp": "2023-12-02T15:27:04.510782Z", "level": "INFO"}
{"message": "\u0421\u043e\u0445\u0440\u0430\u043d\u0435\u043d\u0438\u0435 \u0441\u0435\u0440\u0438\u0430\u043b\u0438\u0437\u0438\u0440\u043e\u0432\u0430\u043d\u043d\u044b\u0445 \u0434\u0430\u043d\u043d\u044b\u0445", "user": "AnonymousUser", "timestamp": "2023-12-02T15:27:04.623154Z", "level": "INFO"}
{"message": "\u0421\u043e\u0437\u0434\u0430\u043d\u0438\u0435 \u0430\u0443\u0434\u0438\u0442\u0430", "timestamp": "2023-12-02T15:27:04.623337Z", "level": "INFO", "user": null}
{"message": "\u0421\u043e\u0437\u0434\u0430\u043d\u0438\u0435 \u0441\u043e\u043e\u0431\u0449\u0435\u043d\u0438\u044f", "timestamp": "2023-12-02T15:27:04.627532Z", "level": "INFO", "user": null}
{"message": "\u0410\u0443\u0434\u0438\u0442 \u043d\u0435 \u0441\u043e\u0437\u0434\u0430\u043d Cannot assign \"<django.contrib.auth.models.AnonymousUser object at 0x7fa4fdfea7d0>\": \"LogEntry.user\" must be a \"User\" instance.", "timestamp": "2023-12-02T15:27:04.627661Z", "level": "ERROR", "user": null}
{"message": "\u0420\u0435\u0433\u0438\u0441\u0442\u0440\u0430\u0446\u0438\u044f \u043f\u0440\u043e\u0448\u043b\u0430 \u0443\u0441\u043f\u0435\u0448\u043d\u043e", "user": "AnonymousUser", "timestamp": "2023-12-02T15:27:04.629144Z", "level": "INFO"}
{"message": "\u0421\u043e\u0437\u0434\u0430\u043d\u0438\u0435 \u0441\u043e\u043e\u0431\u0449\u0435\u043d\u0438\u044f", "user": "admin", "timestamp": "2023-12-03T14:01:45.013521Z", "level": "INFO"}
{"message": "\u0421\u0435\u0440\u0438\u0430\u043b\u0438\u0437\u0430\u0446\u0438\u044f \u0434\u0430\u043d\u043d\u044b\u0445 \u043f\u0440\u043e\u0448\u043b\u0430 \u0443\u0441\u043f\u0435\u0448\u043d\u043e", "user": "admin", "timestamp": "2023-12-03T14:01:45.014453Z", "level": "INFO"}
{"message": "\u0421\u043e\u043e\u0431\u0449\u0435\u043d\u0438\u0435 \u043d\u0435 \u0441\u043e\u0437\u0434\u0430\u043d\u043e {'text': [ErrorDetail(string='This field is required.', code='required')], 'user': [ErrorDetail(string='This field is required.', code='required')], 'dialog': [ErrorDetail(string='This field is required.', code='required')]}", "user": "admin", "timestamp": "2023-12-03T14:01:45.015075Z", "level": "ERROR"}
